{"/mnt/c/projetos-rodrigo/angular-tests-with-jest/src/app/app.component.html": {"path":"/mnt/c/projetos-rodrigo/angular-tests-with-jest/src/app/app.component.html","statementMap":{"0":{"start":{"line":1,"column":0},"end":{"line":1,"column":235}}},"fnMap":{},"branchMap":{},"s":{"0":1},"f":{},"b":{},"_coverageSchema":"1a1c01bbd47fc00a2c39e90264f33305004495a9","hash":"d461f8f0b0c833d66d6ffb5e5258cabb4a5af277"}
,"/mnt/c/projetos-rodrigo/angular-tests-with-jest/src/app/app.component.ts": {"path":"/mnt/c/projetos-rodrigo/angular-tests-with-jest/src/app/app.component.ts","statementMap":{"0":{"start":{"line":1,"column":0},"end":{"line":1,"column":42}},"1":{"start":{"line":9,"column":2},"end":{"line":9,"column":47}},"2":{"start":{"line":8,"column":13},"end":{"line":8,"column":null}},"3":{"start":{"line":8,"column":13},"end":{"line":8,"column":25}}},"fnMap":{},"branchMap":{},"s":{"0":1,"1":1,"2":1,"3":1},"f":{},"b":{}}
,"/mnt/c/projetos-rodrigo/angular-tests-with-jest/src/app/home/home.component.html": {"path":"/mnt/c/projetos-rodrigo/angular-tests-with-jest/src/app/home/home.component.html","statementMap":{"0":{"start":{"line":1,"column":0},"end":{"line":1,"column":38}}},"fnMap":{},"branchMap":{},"s":{"0":1},"f":{},"b":{},"_coverageSchema":"1a1c01bbd47fc00a2c39e90264f33305004495a9","hash":"89eb338bc111544d45fb8bd6568f549fdfc0f369"}
,"/mnt/c/projetos-rodrigo/angular-tests-with-jest/src/app/home/home.component.ts": {"path":"/mnt/c/projetos-rodrigo/angular-tests-with-jest/src/app/home/home.component.ts","statementMap":{"0":{"start":{"line":1,"column":0},"end":{"line":1,"column":50}},"1":{"start":{"line":8,"column":13},"end":{"line":8,"column":null}},"2":{"start":{"line":8,"column":13},"end":{"line":8,"column":26}}},"fnMap":{"0":{"name":"(anonymous_0)","decl":{"start":{"line":9,"column":2},"end":{"line":9,"column":17}},"loc":{"start":{"line":9,"column":2},"end":{"line":9,"column":18}}},"1":{"name":"(anonymous_1)","decl":{"start":{"line":11,"column":2},"end":{"line":11,"column":10}},"loc":{"start":{"line":11,"column":10},"end":{"line":11,"column":21}}}},"branchMap":{},"s":{"0":1,"1":1,"2":1},"f":{"0":1,"1":1},"b":{}}
,"/mnt/c/projetos-rodrigo/angular-tests-with-jest/src/app/matchers/matchers.component.html": {"path":"/mnt/c/projetos-rodrigo/angular-tests-with-jest/src/app/matchers/matchers.component.html","statementMap":{"0":{"start":{"line":1,"column":0},"end":{"line":1,"column":704}}},"fnMap":{},"branchMap":{},"s":{"0":1},"f":{},"b":{},"_coverageSchema":"1a1c01bbd47fc00a2c39e90264f33305004495a9","hash":"4b10506805c8fb16ec1b0720cb9fac3d4552f527"}
,"/mnt/c/projetos-rodrigo/angular-tests-with-jest/src/app/matchers/matchers.component.ts": {"path":"/mnt/c/projetos-rodrigo/angular-tests-with-jest/src/app/matchers/matchers.component.ts","statementMap":{"0":{"start":{"line":1,"column":0},"end":{"line":1,"column":50}},"1":{"start":{"line":13,"column":9},"end":{"line":13,"column":39}},"2":{"start":{"line":14,"column":9},"end":{"line":19,"column":null}},"3":{"start":{"line":26,"column":4},"end":{"line":26,"column":19}},"4":{"start":{"line":30,"column":4},"end":{"line":30,"column":24}},"5":{"start":{"line":34,"column":4},"end":{"line":34,"column":16}},"6":{"start":{"line":38,"column":4},"end":{"line":38,"column":13}},"7":{"start":{"line":42,"column":4},"end":{"line":42,"column":21}},"8":{"start":{"line":46,"column":4},"end":{"line":46,"column":36}},"9":{"start":{"line":50,"column":4},"end":{"line":50,"column":null}},"10":{"start":{"line":12,"column":13},"end":{"line":12,"column":null}},"11":{"start":{"line":12,"column":13},"end":{"line":12,"column":30}}},"fnMap":{"0":{"name":"(anonymous_0)","decl":{"start":{"line":21,"column":2},"end":{"line":21,"column":17}},"loc":{"start":{"line":21,"column":2},"end":{"line":21,"column":18}}},"1":{"name":"(anonymous_1)","decl":{"start":{"line":23,"column":2},"end":{"line":23,"column":10}},"loc":{"start":{"line":23,"column":10},"end":{"line":23,"column":21}}},"2":{"name":"(anonymous_2)","decl":{"start":{"line":25,"column":2},"end":{"line":25,"column":6}},"loc":{"start":{"line":25,"column":29},"end":{"line":27,"column":3}}},"3":{"name":"(anonymous_3)","decl":{"start":{"line":29,"column":2},"end":{"line":29,"column":11}},"loc":{"start":{"line":29,"column":11},"end":{"line":31,"column":3}}},"4":{"name":"(anonymous_4)","decl":{"start":{"line":33,"column":2},"end":{"line":33,"column":9}},"loc":{"start":{"line":33,"column":9},"end":{"line":35,"column":3}}},"5":{"name":"(anonymous_5)","decl":{"start":{"line":37,"column":2},"end":{"line":37,"column":9}},"loc":{"start":{"line":37,"column":9},"end":{"line":39,"column":3}}},"6":{"name":"(anonymous_6)","decl":{"start":{"line":41,"column":2},"end":{"line":41,"column":16}},"loc":{"start":{"line":41,"column":16},"end":{"line":43,"column":3}}},"7":{"name":"(anonymous_7)","decl":{"start":{"line":45,"column":2},"end":{"line":45,"column":21}},"loc":{"start":{"line":45,"column":35},"end":{"line":47,"column":3}}},"8":{"name":"(anonymous_8)","decl":{"start":{"line":49,"column":2},"end":{"line":49,"column":17}},"loc":{"start":{"line":49,"column":17},"end":{"line":51,"column":3}}}},"branchMap":{},"s":{"0":1,"1":13,"2":13,"3":28,"4":108,"5":27,"6":27,"7":27,"8":27,"9":4,"10":1,"11":1},"f":{"0":13,"1":13,"2":28,"3":108,"4":27,"5":27,"6":27,"7":27,"8":4},"b":{}}
}
